<?xml version="1.0" encoding="UTF-8"?>
<!-- Generated by org.testng.reporters.JUnitXMLReporter -->
<testsuite ignored="17" hostname="DESKTOP-O7768DR" failures="0" tests="5" name="Regression" time="42.677" errors="0" timestamp="2023-02-27T01:22:15 GMT-12:00">
  <testcase classname="com.mystore.testcases.EndToEndTest" name="endToEndTest" time="4.755"/>
  <testcase classname="com.mystore.testcases.YourCartPageTest" name="clickOnCheckoutBtn" time="1.717"/>
  <testcase classname="com.mystore.testcases.YourCartPageTest" name="verifyPrice" time="1.6"/>
  <testcase classname="com.mystore.testcases.CheckoutOverviewPageTest" name="ClickOnFinishBtn" time="2.258"/>
  <testcase classname="com.mystore.testcases.AddressPageTest" name="addressEntry" time="2.385"/>
  <testcase classname="com.mystore.testcases.IndexPageTest" name="verifyLogo" time="0.0">
    <ignored/>
  </testcase> <!-- verifyLogo -->
  <testcase classname="com.mystore.testcases.IndexPageTest" name="logIn" time="0.0">
    <ignored/>
  </testcase> <!-- logIn -->
  <testcase classname="com.mystore.testcases.IndexPageTest" name="verifyTitle" time="0.0">
    <ignored/>
  </testcase> <!-- verifyTitle -->
  <testcase classname="com.mystore.testcases.YourCartPageTest" name="clickOnCartLogo" time="0.0">
    <ignored/>
  </testcase> <!-- clickOnCartLogo -->
  <testcase classname="com.mystore.base.BaseClass" name="@BeforeSuite loadConfig" time="0.0">
    <ignored/>
  </testcase> <!-- @BeforeSuite loadConfig -->
  <testcase classname="com.mystore.base.BaseClass" name="@BeforeSuite loadConfig" time="0.0">
    <ignored/>
  </testcase> <!-- @BeforeSuite loadConfig -->
  <testcase classname="com.mystore.base.BaseClass" name="@BeforeSuite loadConfig" time="0.0">
    <ignored/>
  </testcase> <!-- @BeforeSuite loadConfig -->
  <testcase classname="com.mystore.base.BaseClass" name="@BeforeSuite loadConfig" time="0.0">
    <ignored/>
  </testcase> <!-- @BeforeSuite loadConfig -->
  <testcase classname="com.mystore.base.BaseClass" name="@BeforeSuite loadConfig" time="0.0">
    <ignored/>
  </testcase> <!-- @BeforeSuite loadConfig -->
  <testcase classname="com.mystore.testcases.HomePageTest" name="homePageLogo" time="0.0">
    <ignored/>
  </testcase> <!-- homePageLogo -->
  <testcase classname="com.mystore.testcases.HomePageTest" name="sortProduct" time="0.0">
    <ignored/>
  </testcase> <!-- sortProduct -->
  <testcase classname="com.mystore.base.BaseClass" name="@AfterSuite afterSuite" time="0.0">
    <ignored/>
  </testcase> <!-- @AfterSuite afterSuite -->
  <testcase classname="com.mystore.base.BaseClass" name="@AfterSuite afterSuite" time="0.0">
    <ignored/>
  </testcase> <!-- @AfterSuite afterSuite -->
  <testcase classname="com.mystore.base.BaseClass" name="@AfterSuite afterSuite" time="0.0">
    <ignored/>
  </testcase> <!-- @AfterSuite afterSuite -->
  <testcase classname="com.mystore.base.BaseClass" name="@AfterSuite afterSuite" time="0.0">
    <ignored/>
  </testcase> <!-- @AfterSuite afterSuite -->
  <testcase classname="com.mystore.base.BaseClass" name="@AfterSuite afterSuite" time="0.0">
    <ignored/>
  </testcase> <!-- @AfterSuite afterSuite -->
  <testcase classname="com.mystore.testcases.HomePageTest" name="cartButton" time="0.0">
    <ignored/>
  </testcase> <!-- cartButton -->
</testsuite> <!-- Regression -->
