<?xml version="1.0" encoding="UTF-8"?>
<!-- Generated by org.testng.reporters.JUnitXMLReporter -->
<testsuite ignored="15" hostname="DESKTOP-O7768DR" failures="0" tests="7" name="Sanity" time="111.532" errors="0" timestamp="2023-02-27T01:20:56 GMT-12:00">
  <testcase classname="com.mystore.testcases.IndexPageTest" name="logIn" time="4.497"/>
  <testcase classname="com.mystore.testcases.YourCartPageTest" name="clickOnCartLogo" time="2.895"/>
  <testcase classname="com.mystore.testcases.YourCartPageTest" name="clickOnCheckoutBtn" time="1.79"/>
  <testcase classname="com.mystore.testcases.AddressPageTest" name="addressEntry" time="2.666"/>
  <testcase classname="com.mystore.testcases.HomePageTest" name="cartButton" time="1.414"/>
  <testcase classname="com.mystore.testcases.HomePageTest" name="sortProduct" time="0.941"/>
  <testcase classname="com.mystore.testcases.CheckoutOverviewPageTest" name="ClickOnFinishBtn" time="2.603"/>
  <testcase classname="com.mystore.testcases.IndexPageTest" name="verifyLogo" time="0.0">
    <ignored/>
  </testcase> <!-- verifyLogo -->
  <testcase classname="com.mystore.testcases.IndexPageTest" name="verifyTitle" time="0.0">
    <ignored/>
  </testcase> <!-- verifyTitle -->
  <testcase classname="com.mystore.base.BaseClass" name="@BeforeSuite loadConfig" time="0.0">
    <ignored/>
  </testcase> <!-- @BeforeSuite loadConfig -->
  <testcase classname="com.mystore.base.BaseClass" name="@BeforeSuite loadConfig" time="0.0">
    <ignored/>
  </testcase> <!-- @BeforeSuite loadConfig -->
  <testcase classname="com.mystore.base.BaseClass" name="@BeforeSuite loadConfig" time="0.0">
    <ignored/>
  </testcase> <!-- @BeforeSuite loadConfig -->
  <testcase classname="com.mystore.base.BaseClass" name="@BeforeSuite loadConfig" time="0.0">
    <ignored/>
  </testcase> <!-- @BeforeSuite loadConfig -->
  <testcase classname="com.mystore.base.BaseClass" name="@BeforeSuite loadConfig" time="0.0">
    <ignored/>
  </testcase> <!-- @BeforeSuite loadConfig -->
  <testcase classname="com.mystore.testcases.HomePageTest" name="homePageLogo" time="0.0">
    <ignored/>
  </testcase> <!-- homePageLogo -->
  <testcase classname="com.mystore.testcases.YourCartPageTest" name="verifyPrice" time="0.0">
    <ignored/>
  </testcase> <!-- verifyPrice -->
  <testcase classname="com.mystore.base.BaseClass" name="@AfterSuite afterSuite" time="0.0">
    <ignored/>
  </testcase> <!-- @AfterSuite afterSuite -->
  <testcase classname="com.mystore.base.BaseClass" name="@AfterSuite afterSuite" time="0.0">
    <ignored/>
  </testcase> <!-- @AfterSuite afterSuite -->
  <testcase classname="com.mystore.base.BaseClass" name="@AfterSuite afterSuite" time="0.0">
    <ignored/>
  </testcase> <!-- @AfterSuite afterSuite -->
  <testcase classname="com.mystore.base.BaseClass" name="@AfterSuite afterSuite" time="0.0">
    <ignored/>
  </testcase> <!-- @AfterSuite afterSuite -->
  <testcase classname="com.mystore.base.BaseClass" name="@AfterSuite afterSuite" time="0.0">
    <ignored/>
  </testcase> <!-- @AfterSuite afterSuite -->
  <testcase classname="com.mystore.testcases.EndToEndTest" name="endToEndTest" time="0.0">
    <ignored/>
  </testcase> <!-- endToEndTest -->
</testsuite> <!-- Sanity -->
