<?xml version="1.0" encoding="UTF-8"?>
<!-- Generated by org.testng.reporters.JUnitXMLReporter -->
<testsuite ignored="15" hostname="DESKTOP-O7768DR" failures="0" tests="7" name="Smoke" time="71.971" errors="0" timestamp="2023-02-27T03:52:08 GMT-12:00">
  <testcase classname="com.mystore.testcases.IndexPageTest" name="logIn" time="2.345"/>
  <testcase classname="com.mystore.testcases.IndexPageTest" name="verifyLogo" time="0.118"/>
  <testcase classname="com.mystore.testcases.IndexPageTest" name="verifyTitle" time="0.009"/>
  <testcase classname="com.mystore.testcases.HomePageTest" name="cartButton" time="3.162"/>
  <testcase classname="com.mystore.testcases.HomePageTest" name="homePageLogo" time="0.621"/>
  <testcase classname="com.mystore.testcases.HomePageTest" name="sortProduct" time="0.943"/>
  <testcase classname="com.mystore.testcases.YourCartPageTest" name="clickOnCartLogo" time="1.534"/>
  <testcase classname="com.mystore.testcases.YourCartPageTest" name="clickOnCheckoutBtn" time="0.0">
    <ignored/>
  </testcase> <!-- clickOnCheckoutBtn -->
  <testcase classname="com.mystore.testcases.CheckoutOverviewPageTest" name="ClickOnFinishBtn" time="0.0">
    <ignored/>
  </testcase> <!-- ClickOnFinishBtn -->
  <testcase classname="com.mystore.testcases.AddressPageTest" name="addressEntry" time="0.0">
    <ignored/>
  </testcase> <!-- addressEntry -->
  <testcase classname="com.mystore.base.BaseClass" name="@BeforeSuite loadConfig" time="0.0">
    <ignored/>
  </testcase> <!-- @BeforeSuite loadConfig -->
  <testcase classname="com.mystore.base.BaseClass" name="@BeforeSuite loadConfig" time="0.0">
    <ignored/>
  </testcase> <!-- @BeforeSuite loadConfig -->
  <testcase classname="com.mystore.base.BaseClass" name="@BeforeSuite loadConfig" time="0.0">
    <ignored/>
  </testcase> <!-- @BeforeSuite loadConfig -->
  <testcase classname="com.mystore.base.BaseClass" name="@BeforeSuite loadConfig" time="0.0">
    <ignored/>
  </testcase> <!-- @BeforeSuite loadConfig -->
  <testcase classname="com.mystore.base.BaseClass" name="@BeforeSuite loadConfig" time="0.0">
    <ignored/>
  </testcase> <!-- @BeforeSuite loadConfig -->
  <testcase classname="com.mystore.testcases.YourCartPageTest" name="verifyPrice" time="0.0">
    <ignored/>
  </testcase> <!-- verifyPrice -->
  <testcase classname="com.mystore.base.BaseClass" name="@AfterSuite afterSuite" time="0.0">
    <ignored/>
  </testcase> <!-- @AfterSuite afterSuite -->
  <testcase classname="com.mystore.base.BaseClass" name="@AfterSuite afterSuite" time="0.0">
    <ignored/>
  </testcase> <!-- @AfterSuite afterSuite -->
  <testcase classname="com.mystore.base.BaseClass" name="@AfterSuite afterSuite" time="0.0">
    <ignored/>
  </testcase> <!-- @AfterSuite afterSuite -->
  <testcase classname="com.mystore.base.BaseClass" name="@AfterSuite afterSuite" time="0.0">
    <ignored/>
  </testcase> <!-- @AfterSuite afterSuite -->
  <testcase classname="com.mystore.base.BaseClass" name="@AfterSuite afterSuite" time="0.0">
    <ignored/>
  </testcase> <!-- @AfterSuite afterSuite -->
  <testcase classname="com.mystore.testcases.EndToEndTest" name="endToEndTest" time="0.0">
    <ignored/>
  </testcase> <!-- endToEndTest -->
</testsuite> <!-- Smoke -->
