<?xml version="1.0" encoding="UTF-8"?>
<!-- Generated by org.testng.reporters.JUnitXMLReporter -->
<testsuite ignored="10" hostname="DESKTOP-O7768DR" failures="0" tests="12" name="Test_All" time="124.119" errors="0" timestamp="2023-02-27T07:20:55 GMT-12:00">
  <testcase classname="com.mystore.testcases.EndToEndTest" name="endToEndTest" time="4.706"/>
  <testcase classname="com.mystore.testcases.IndexPageTest" name="logIn" time="1.032"/>
  <testcase classname="com.mystore.testcases.IndexPageTest" name="verifyLogo" time="0.089"/>
  <testcase classname="com.mystore.testcases.IndexPageTest" name="verifyTitle" time="0.008"/>
  <testcase classname="com.mystore.testcases.YourCartPageTest" name="clickOnCartLogo" time="2.147"/>
  <testcase classname="com.mystore.testcases.YourCartPageTest" name="clickOnCheckoutBtn" time="1.756"/>
  <testcase classname="com.mystore.testcases.YourCartPageTest" name="verifyPrice" time="1.512"/>
  <testcase classname="com.mystore.testcases.AddressPageTest" name="addressEntry" time="3.012"/>
  <testcase classname="com.mystore.testcases.HomePageTest" name="cartButton" time="1.579"/>
  <testcase classname="com.mystore.testcases.HomePageTest" name="homePageLogo" time="0.655"/>
  <testcase classname="com.mystore.testcases.HomePageTest" name="sortProduct" time="0.97"/>
  <testcase classname="com.mystore.testcases.CheckoutOverviewPageTest" name="ClickOnFinishBtn" time="2.388"/>
  <testcase classname="com.mystore.base.BaseClass" name="@AfterSuite afterSuite" time="0.0">
    <ignored/>
  </testcase> <!-- @AfterSuite afterSuite -->
  <testcase classname="com.mystore.base.BaseClass" name="@AfterSuite afterSuite" time="0.0">
    <ignored/>
  </testcase> <!-- @AfterSuite afterSuite -->
  <testcase classname="com.mystore.base.BaseClass" name="@AfterSuite afterSuite" time="0.0">
    <ignored/>
  </testcase> <!-- @AfterSuite afterSuite -->
  <testcase classname="com.mystore.base.BaseClass" name="@AfterSuite afterSuite" time="0.0">
    <ignored/>
  </testcase> <!-- @AfterSuite afterSuite -->
  <testcase classname="com.mystore.base.BaseClass" name="@AfterSuite afterSuite" time="0.0">
    <ignored/>
  </testcase> <!-- @AfterSuite afterSuite -->
  <testcase classname="com.mystore.base.BaseClass" name="@BeforeSuite loadConfig" time="0.0">
    <ignored/>
  </testcase> <!-- @BeforeSuite loadConfig -->
  <testcase classname="com.mystore.base.BaseClass" name="@BeforeSuite loadConfig" time="0.0">
    <ignored/>
  </testcase> <!-- @BeforeSuite loadConfig -->
  <testcase classname="com.mystore.base.BaseClass" name="@BeforeSuite loadConfig" time="0.0">
    <ignored/>
  </testcase> <!-- @BeforeSuite loadConfig -->
  <testcase classname="com.mystore.base.BaseClass" name="@BeforeSuite loadConfig" time="0.0">
    <ignored/>
  </testcase> <!-- @BeforeSuite loadConfig -->
  <testcase classname="com.mystore.base.BaseClass" name="@BeforeSuite loadConfig" time="0.0">
    <ignored/>
  </testcase> <!-- @BeforeSuite loadConfig -->
</testsuite> <!-- Test_All -->
